{"level":"info","message":"MongoDB connected successfully","timestamp":"2025-12-28 23:55:06"}
{"level":"info","message":"MongoDB connected successfully","timestamp":"2025-12-28 23:56:02"}
{"level":"info","message":"MongoDB connected successfully","timestamp":"2025-12-28 23:56:12"}
{"level":"info","message":"MongoDB connected successfully","timestamp":"2025-12-30 01:26:56"}
{"level":"info","message":"MongoDB connected successfully","timestamp":"2025-12-30 01:33:58"}
{"level":"info","message":"MongoDB connected successfully","timestamp":"2025-12-30 01:35:54"}
{"level":"info","message":"MongoDB connected successfully","timestamp":"2025-12-30 01:36:00"}
{"level":"info","message":"MongoDB connected successfully","timestamp":"2025-12-30 01:36:36"}
{"level":"info","message":"MongoDB connected successfully","timestamp":"2025-12-30 01:36:45"}
{"level":"info","message":"MongoDB connected successfully","timestamp":"2025-12-30 01:36:50"}
{"level":"info","message":"MongoDB connected successfully","timestamp":"2025-12-30 01:36:54"}
{"level":"info","message":"MongoDB connected successfully","timestamp":"2025-12-30 01:40:54"}
{"level":"info","message":"MongoDB connected successfully","timestamp":"2025-12-31 18:10:19"}
{"level":"info","message":"MongoDB connected successfully","timestamp":"2025-12-31 21:23:12"}
{"level":"info","message":"MongoDB connected successfully","timestamp":"2025-12-31 22:01:20"}
{"level":"info","message":"MongoDB connected successfully","timestamp":"2026-01-01 01:49:39"}
{"level":"info","message":"MongoDB connected successfully","timestamp":"2026-01-01 09:50:06"}
{"level":"info","message":"MongoDB connected successfully","timestamp":"2026-01-01 13:07:08"}
{"level":"info","message":"MongoDB connected successfully","timestamp":"2026-01-01 14:19:14"}
{"level":"info","message":"MongoDB connected successfully","timestamp":"2026-01-01 14:24:31"}
{"level":"info","message":"MongoDB connected successfully","timestamp":"2026-01-01 14:25:57"}
{"level":"info","message":"MongoDB connected successfully","timestamp":"2026-01-01 19:18:26"}
{"level":"info","message":"MongoDB connected successfully","timestamp":"2026-01-01 19:19:51"}
{"level":"info","message":"MongoDB connected successfully","timestamp":"2026-01-03 12:19:11"}
{"level":"info","message":"MongoDB connected successfully","timestamp":"2026-01-03 12:29:32"}
{"level":"info","message":"MongoDB connected successfully","timestamp":"2026-01-03 12:29:45"}
{"level":"info","message":"MongoDB connected successfully","timestamp":"2026-01-03 12:29:48"}
{"level":"info","message":"MongoDB connected successfully","timestamp":"2026-01-03 16:29:54"}
{"level":"info","message":"MongoDB connected successfully","timestamp":"2026-01-03 16:32:13"}
{"level":"info","message":"MongoDB connected successfully","timestamp":"2026-01-03 16:32:35"}
{"level":"info","message":"MongoDB connected successfully","timestamp":"2026-01-03 16:32:45"}
{"level":"info","message":"MongoDB connected successfully","timestamp":"2026-01-03 16:33:11"}
{"level":"info","message":"MongoDB connected successfully","timestamp":"2026-01-03 16:33:19"}
{"level":"info","message":"MongoDB connected successfully","timestamp":"2026-01-03 16:36:43"}
{"level":"info","message":"MongoDB connected successfully","timestamp":"2026-01-03 16:36:46"}
{"level":"info","message":"MongoDB connected successfully","timestamp":"2026-01-03 16:39:38"}
{"level":"info","message":"MongoDB connected successfully","timestamp":"2026-01-03 16:39:41"}
{"level":"info","message":"MongoDB connected successfully","timestamp":"2026-01-03 17:16:54"}
{"level":"info","message":"MongoDB connected successfully","timestamp":"2026-01-03 17:17:00"}
{"level":"error","message":"page not found Cannot read properties of undefined (reading 'page')","stack":"TypeError: Cannot read properties of undefined (reading 'page')\n    at blockCustomer (file:///C:/MehzMen%20Ecommerce%20Website/controllers/admin/customerController.js:33:36)\n    at process.processTicksAndRejections (node:internal/process/task_queues:105:5)","timestamp":"2026-01-03 17:17:37"}
{"level":"error","message":"page not found Cannot read properties of undefined (reading 'page')","stack":"TypeError: Cannot read properties of undefined (reading 'page')\n    at unblockCustomer (file:///C:/MehzMen%20Ecommerce%20Website/controllers/admin/customerController.js:47:35)\n    at process.processTicksAndRejections (node:internal/process/task_queues:105:5)","timestamp":"2026-01-04 00:48:58"}
{"level":"error","message":"page not found Cannot read properties of undefined (reading 'page')","stack":"TypeError: Cannot read properties of undefined (reading 'page')\n    at blockCustomer (file:///C:/MehzMen%20Ecommerce%20Website/controllers/admin/customerController.js:33:36)\n    at process.processTicksAndRejections (node:internal/process/task_queues:105:5)","timestamp":"2026-01-04 00:52:15"}
{"level":"error","message":"page not found Cannot read properties of undefined (reading 'page')","stack":"TypeError: Cannot read properties of undefined (reading 'page')\n    at blockCustomer (file:///C:/MehzMen%20Ecommerce%20Website/controllers/admin/customerController.js:33:36)\n    at process.processTicksAndRejections (node:internal/process/task_queues:105:5)","timestamp":"2026-01-04 00:53:00"}
{"level":"info","message":"MongoDB connected successfully","timestamp":"2026-01-04 01:07:14"}
{"level":"info","message":"MongoDB connected successfully","timestamp":"2026-01-04 01:07:16"}
{"level":"info","message":"MongoDB connected successfully","timestamp":"2026-01-04 01:07:23"}
{"level":"info","message":"MongoDB connected successfully","timestamp":"2026-01-04 01:07:24"}
{"level":"info","message":"MongoDB connected successfully","timestamp":"2026-01-04 01:07:48"}
{"level":"info","message":"MongoDB connected successfully","timestamp":"2026-01-04 01:07:51"}
{"level":"info","message":"MongoDB connected successfully","timestamp":"2026-01-04 01:07:51"}
{"level":"info","message":"MongoDB connected successfully","timestamp":"2026-01-04 01:07:58"}
{"level":"info","message":"MongoDB connected successfully","timestamp":"2026-01-04 01:08:00"}
{"level":"info","message":"MongoDB connected successfully","timestamp":"2026-01-04 01:08:09"}
{"level":"info","message":"MongoDB connected successfully","timestamp":"2026-01-04 01:08:58"}
{"level":"info","message":"MongoDB connected successfully","timestamp":"2026-01-04 01:09:06"}
{"level":"info","message":"MongoDB connected successfully","timestamp":"2026-01-04 01:09:10"}
{"level":"info","message":"MongoDB connected successfully","timestamp":"2026-01-04 01:09:11"}
{"level":"info","message":"MongoDB connected successfully","timestamp":"2026-01-04 01:09:14"}
{"level":"info","message":"MongoDB connected successfully","timestamp":"2026-01-04 01:09:16"}
{"level":"info","message":"MongoDB connected successfully","timestamp":"2026-01-04 01:12:25"}
{"level":"info","message":"MongoDB connected successfully","timestamp":"2026-01-05 01:32:59"}
{"level":"info","message":"MongoDB connected successfully","timestamp":"2026-01-05 01:36:12"}
{"level":"info","message":"MongoDB connected successfully","timestamp":"2026-01-05 01:41:49"}
{"level":"info","message":"MongoDB connected successfully","timestamp":"2026-01-05 10:05:02"}
{"level":"info","message":"MongoDB connected successfully","timestamp":"2026-01-05 10:05:11"}
{"level":"info","message":"MongoDB connected successfully","timestamp":"2026-01-05 10:05:15"}
{"level":"info","message":"MongoDB connected successfully","timestamp":"2026-01-05 10:05:42"}
{"level":"info","message":"MongoDB connected successfully","timestamp":"2026-01-05 10:05:54"}
{"level":"info","message":"MongoDB connected successfully","timestamp":"2026-01-05 10:05:55"}
{"level":"info","message":"MongoDB connected successfully","timestamp":"2026-01-05 10:05:56"}
{"level":"info","message":"MongoDB connected successfully","timestamp":"2026-01-05 10:05:57"}
{"level":"info","message":"MongoDB connected successfully","timestamp":"2026-01-05 10:06:18"}
{"level":"info","message":"MongoDB connected successfully","timestamp":"2026-01-05 10:06:24"}
{"level":"info","message":"MongoDB connected successfully","timestamp":"2026-01-05 10:09:37"}
{"level":"info","message":"MongoDB connected successfully","timestamp":"2026-01-05 10:09:39"}
{"level":"info","message":"MongoDB connected successfully","timestamp":"2026-01-05 10:09:41"}
{"level":"info","message":"MongoDB connected successfully","timestamp":"2026-01-05 10:09:42"}
{"level":"info","message":"MongoDB connected successfully","timestamp":"2026-01-05 10:09:45"}
{"level":"info","message":"MongoDB connected successfully","timestamp":"2026-01-05 10:09:46"}
{"level":"info","message":"MongoDB connected successfully","timestamp":"2026-01-05 10:09:58"}
{"level":"info","message":"MongoDB connected successfully","timestamp":"2026-01-05 10:10:17"}
{"level":"info","message":"MongoDB connected successfully","timestamp":"2026-01-05 10:10:19"}
{"level":"info","message":"MongoDB connected successfully","timestamp":"2026-01-05 10:10:39"}
{"level":"info","message":"MongoDB connected successfully","timestamp":"2026-01-05 10:21:40"}
{"level":"info","message":"MongoDB connected successfully","timestamp":"2026-01-05 10:22:05"}
{"level":"info","message":"MongoDB connected successfully","timestamp":"2026-01-05 10:22:06"}
{"level":"info","message":"MongoDB connected successfully","timestamp":"2026-01-05 10:22:38"}
{"level":"info","message":"MongoDB connected successfully","timestamp":"2026-01-05 10:22:50"}
{"level":"info","message":"MongoDB connected successfully","timestamp":"2026-01-05 10:22:51"}
{"level":"info","message":"MongoDB connected successfully","timestamp":"2026-01-05 10:22:52"}
{"level":"info","message":"MongoDB connected successfully","timestamp":"2026-01-05 10:23:46"}
{"level":"info","message":"MongoDB connected successfully","timestamp":"2026-01-05 10:23:49"}
{"level":"info","message":"MongoDB connected successfully","timestamp":"2026-01-05 10:23:51"}
{"level":"info","message":"MongoDB connected successfully","timestamp":"2026-01-05 10:24:02"}
{"level":"info","message":"MongoDB connected successfully","timestamp":"2026-01-05 10:24:04"}
{"level":"info","message":"MongoDB connected successfully","timestamp":"2026-01-05 10:24:06"}
{"level":"info","message":"MongoDB connected successfully","timestamp":"2026-01-05 10:24:09"}
{"level":"info","message":"MongoDB connected successfully","timestamp":"2026-01-05 10:24:12"}
{"level":"info","message":"MongoDB connected successfully","timestamp":"2026-01-05 10:24:13"}
{"level":"info","message":"MongoDB connected successfully","timestamp":"2026-01-05 11:17:55"}
{"level":"info","message":"MongoDB connected successfully","timestamp":"2026-01-05 11:45:14"}
{"level":"info","message":"MongoDB connected successfully","timestamp":"2026-01-05 11:45:15"}
{"level":"info","message":"MongoDB connected successfully","timestamp":"2026-01-05 11:45:31"}
{"level":"info","message":"MongoDB connected successfully","timestamp":"2026-01-05 11:45:32"}
{"level":"info","message":"MongoDB connected successfully","timestamp":"2026-01-05 11:45:36"}
{"level":"info","message":"MongoDB connected successfully","timestamp":"2026-01-05 11:45:37"}
{"level":"info","message":"MongoDB connected successfully","timestamp":"2026-01-05 11:45:38"}
{"level":"info","message":"MongoDB connected successfully","timestamp":"2026-01-05 11:45:43"}
{"level":"info","message":"MongoDB connected successfully","timestamp":"2026-01-05 11:48:37"}
{"level":"info","message":"MongoDB connected successfully","timestamp":"2026-01-05 11:48:38"}
{"level":"info","message":"MongoDB connected successfully","timestamp":"2026-01-05 11:49:58"}
{"level":"info","message":"MongoDB connected successfully","timestamp":"2026-01-05 11:50:03"}
{"level":"info","message":"MongoDB connected successfully","timestamp":"2026-01-05 11:50:07"}
{"level":"info","message":"MongoDB connected successfully","timestamp":"2026-01-05 11:50:09"}
{"level":"info","message":"MongoDB connected successfully","timestamp":"2026-01-05 11:50:11"}
{"level":"info","message":"MongoDB connected successfully","timestamp":"2026-01-05 11:50:33"}
{"level":"info","message":"MongoDB connected successfully","timestamp":"2026-01-05 11:53:13"}
{"level":"info","message":"MongoDB connected successfully","timestamp":"2026-01-05 14:38:24"}
{"level":"error","message":"Error adding category: CategoryService.addCategoryCategory is not a function","stack":"TypeError: CategoryService.addCategoryCategory is not a function\n    at addCategory (file:///C:/MehzMen%20Ecommerce%20Website/controllers/admin/categoryController.js:54:29)\n    at Layer.handleRequest (C:\\MehzMen Ecommerce Website\\node_modules\\router\\lib\\layer.js:152:17)\n    at next (C:\\MehzMen Ecommerce Website\\node_modules\\router\\lib\\route.js:157:13)\n    at done (C:\\MehzMen Ecommerce Website\\node_modules\\multer\\lib\\make-middleware.js:59:7)\n    at indicateDone (C:\\MehzMen Ecommerce Website\\node_modules\\multer\\lib\\make-middleware.js:63:68)\n    at C:\\MehzMen Ecommerce Website\\node_modules\\multer\\lib\\make-middleware.js:176:11\n    at WriteStream.<anonymous> (C:\\MehzMen Ecommerce Website\\node_modules\\multer\\storage\\disk.js:43:9)\n    at WriteStream.emit (node:events:520:35)\n    at finish (node:internal/streams/writable:953:10)\n    at node:internal/streams/writable:934:13","timestamp":"2026-01-05 14:39:23"}
{"level":"info","message":"MongoDB connected successfully","timestamp":"2026-01-05 16:47:45"}
{"level":"error","message":"Error adding category: CategoryService.addCategoryCategory is not a function","stack":"TypeError: CategoryService.addCategoryCategory is not a function\n    at addCategory (file:///C:/MehzMen%20Ecommerce%20Website/controllers/admin/categoryController.js:55:29)\n    at Layer.handleRequest (C:\\MehzMen Ecommerce Website\\node_modules\\router\\lib\\layer.js:152:17)\n    at next (C:\\MehzMen Ecommerce Website\\node_modules\\router\\lib\\route.js:157:13)\n    at done (C:\\MehzMen Ecommerce Website\\node_modules\\multer\\lib\\make-middleware.js:59:7)\n    at indicateDone (C:\\MehzMen Ecommerce Website\\node_modules\\multer\\lib\\make-middleware.js:63:68)\n    at C:\\MehzMen Ecommerce Website\\node_modules\\multer\\lib\\make-middleware.js:176:11\n    at WriteStream.<anonymous> (C:\\MehzMen Ecommerce Website\\node_modules\\multer\\storage\\disk.js:43:9)\n    at WriteStream.emit (node:events:520:35)\n    at finish (node:internal/streams/writable:953:10)\n    at node:internal/streams/writable:934:13","timestamp":"2026-01-05 16:48:42"}
{"level":"info","message":"MongoDB connected successfully","timestamp":"2026-01-05 16:51:29"}
{"level":"info","message":"MongoDB connected successfully","timestamp":"2026-01-05 16:51:32"}
{"level":"info","message":"MongoDB connected successfully","timestamp":"2026-01-05 16:52:17"}
{"level":"info","message":"MongoDB connected successfully","timestamp":"2026-01-05 16:52:18"}
{"level":"info","message":"MongoDB connected successfully","timestamp":"2026-01-05 19:08:30"}
{"level":"info","message":"MongoDB connected successfully","timestamp":"2026-01-05 19:08:32"}
{"level":"info","message":"MongoDB connected successfully","timestamp":"2026-01-05 19:08:35"}
{"level":"info","message":"MongoDB connected successfully","timestamp":"2026-01-05 19:08:36"}
{"level":"info","message":"MongoDB connected successfully","timestamp":"2026-01-05 19:08:41"}
{"level":"error","message":"Error adding category: CategoryService.addCategoryCategory is not a function","stack":"TypeError: CategoryService.addCategoryCategory is not a function\n    at addCategory (file:///C:/MehzMen%20Ecommerce%20Website/controllers/admin/categoryController.js:55:29)\n    at Layer.handleRequest (C:\\MehzMen Ecommerce Website\\node_modules\\router\\lib\\layer.js:152:17)\n    at next (C:\\MehzMen Ecommerce Website\\node_modules\\router\\lib\\route.js:157:13)\n    at done (C:\\MehzMen Ecommerce Website\\node_modules\\multer\\lib\\make-middleware.js:59:7)\n    at indicateDone (C:\\MehzMen Ecommerce Website\\node_modules\\multer\\lib\\make-middleware.js:63:68)\n    at C:\\MehzMen Ecommerce Website\\node_modules\\multer\\lib\\make-middleware.js:176:11\n    at WriteStream.<anonymous> (C:\\MehzMen Ecommerce Website\\node_modules\\multer\\storage\\disk.js:43:9)\n    at WriteStream.emit (node:events:520:35)\n    at finish (node:internal/streams/writable:953:10)\n    at node:internal/streams/writable:934:13","timestamp":"2026-01-05 19:09:37"}
{"level":"info","message":"MongoDB connected successfully","timestamp":"2026-01-05 20:28:04"}
{"level":"info","message":"MongoDB connected successfully","timestamp":"2026-01-05 20:28:13"}
{"level":"info","message":"MongoDB connected successfully","timestamp":"2026-01-05 20:28:16"}
{"level":"info","message":"MongoDB connected successfully","timestamp":"2026-01-05 20:28:19"}
{"level":"info","message":"MongoDB connected successfully","timestamp":"2026-01-05 20:28:29"}
{"level":"info","message":"MongoDB connected successfully","timestamp":"2026-01-05 20:28:31"}
{"level":"info","message":"MongoDB connected successfully","timestamp":"2026-01-05 20:28:32"}
{"level":"info","message":"MongoDB connected successfully","timestamp":"2026-01-05 20:28:34"}
{"level":"info","message":"MongoDB connected successfully","timestamp":"2026-01-05 20:30:25"}
{"level":"info","message":"MongoDB connected successfully","timestamp":"2026-01-05 20:30:38"}
{"level":"error","message":"Error adding category: CategoryService.addCategoryCategory is not a function","stack":"TypeError: CategoryService.addCategoryCategory is not a function\n    at addCategory (file:///C:/MehzMen%20Ecommerce%20Website/controllers/admin/categoryController.js:58:29)\n    at Layer.handleRequest (C:\\MehzMen Ecommerce Website\\node_modules\\router\\lib\\layer.js:152:17)\n    at next (C:\\MehzMen Ecommerce Website\\node_modules\\router\\lib\\route.js:157:13)\n    at done (C:\\MehzMen Ecommerce Website\\node_modules\\multer\\lib\\make-middleware.js:59:7)\n    at indicateDone (C:\\MehzMen Ecommerce Website\\node_modules\\multer\\lib\\make-middleware.js:63:68)\n    at C:\\MehzMen Ecommerce Website\\node_modules\\multer\\lib\\make-middleware.js:176:11\n    at WriteStream.<anonymous> (C:\\MehzMen Ecommerce Website\\node_modules\\multer\\storage\\disk.js:43:9)\n    at WriteStream.emit (node:events:520:35)\n    at finish (node:internal/streams/writable:953:10)\n    at node:internal/streams/writable:934:13","timestamp":"2026-01-05 20:31:52"}
{"level":"info","message":"MongoDB connected successfully","timestamp":"2026-01-05 20:46:16"}
{"level":"info","message":"MongoDB connected successfully","timestamp":"2026-01-05 20:48:44"}
{"level":"info","message":"MongoDB connected successfully","timestamp":"2026-01-05 21:31:55"}
{"level":"info","message":"MongoDB connected successfully","timestamp":"2026-01-05 21:31:59"}
{"level":"info","message":"MongoDB connected successfully","timestamp":"2026-01-05 21:31:59"}
{"_message":"Category validation failed","errors":{"description":{"kind":"required","message":"Path `description` is required.","name":"ValidatorError","path":"description","properties":{"length":0,"message":"Path `description` is required.","path":"description","type":"required","value":""},"value":""}},"level":"error","message":"Error adding category: Category validation failed: description: Path `description` is required.","stack":"ValidationError: Category validation failed: description: Path `description` is required.\n    at Document.invalidate (C:\\MehzMen Ecommerce Website\\node_modules\\mongoose\\lib\\document.js:3365:32)\n    at validatePath (C:\\MehzMen Ecommerce Website\\node_modules\\mongoose\\lib\\document.js:3140:13)\n    at process.processTicksAndRejections (node:internal/process/task_queues:105:5)\n    at async Promise.all (index 1)\n    at async model.$__validate (C:\\MehzMen Ecommerce Website\\node_modules\\mongoose\\lib\\document.js:3081:3)\n    at async model.validate (C:\\MehzMen Ecommerce Website\\node_modules\\mongoose\\lib\\document.js:2663:5)\n    at async model.validateBeforeSave (C:\\MehzMen Ecommerce Website\\node_modules\\mongoose\\lib\\plugins\\validateBeforeSave.js:34:7)\n    at async Kareem.execPre (C:\\MehzMen Ecommerce Website\\node_modules\\kareem\\index.js:65:24)\n    at async model.$__save (C:\\MehzMen Ecommerce Website\\node_modules\\mongoose\\lib\\model.js:369:5)\n    at async model.save (C:\\MehzMen Ecommerce Website\\node_modules\\mongoose\\lib\\model.js:609:5)","timestamp":"2026-01-05 22:40:42"}
{"level":"info","message":"MongoDB connected successfully","timestamp":"2026-01-05 22:41:58"}
{"level":"info","message":"MongoDB connected successfully","timestamp":"2026-01-05 22:42:01"}
{"level":"info","message":"MongoDB connected successfully","timestamp":"2026-01-05 22:42:02"}
{"level":"info","message":"MongoDB connected successfully","timestamp":"2026-01-06 03:44:53"}
{"level":"info","message":"MongoDB connected successfully","timestamp":"2026-01-06 03:44:54"}
{"level":"info","message":"MongoDB connected successfully","timestamp":"2026-01-06 03:45:08"}
{"level":"info","message":"MongoDB connected successfully","timestamp":"2026-01-06 03:45:09"}
{"level":"info","message":"MongoDB connected successfully","timestamp":"2026-01-06 03:45:14"}
{"level":"info","message":"MongoDB connected successfully","timestamp":"2026-01-06 03:45:16"}
{"level":"info","message":"MongoDB connected successfully","timestamp":"2026-01-06 03:48:10"}
{"level":"info","message":"MongoDB connected successfully","timestamp":"2026-01-06 03:48:14"}
{"level":"info","message":"MongoDB connected successfully","timestamp":"2026-01-06 03:51:24"}
{"level":"info","message":"MongoDB connected successfully","timestamp":"2026-01-06 03:51:26"}
{"level":"info","message":"MongoDB connected successfully","timestamp":"2026-01-06 03:51:27"}
{"level":"info","message":"MongoDB connected successfully","timestamp":"2026-01-06 03:51:28"}
{"level":"info","message":"MongoDB connected successfully","timestamp":"2026-01-06 03:51:38"}
{"level":"info","message":"MongoDB connected successfully","timestamp":"2026-01-06 03:52:10"}
{"kind":"ObjectId","level":"error","message":"Edit category error Cast to ObjectId failed for value \"\" (type string) at path \"_id\" for model \"Category\"","path":"_id","reason":{},"stack":"CastError: Cast to ObjectId failed for value \"\" (type string) at path \"_id\" for model \"Category\"\n    at SchemaObjectId.cast (C:\\MehzMen Ecommerce Website\\node_modules\\mongoose\\lib\\schema\\objectId.js:253:11)\n    at SchemaType.applySetters (C:\\MehzMen Ecommerce Website\\node_modules\\mongoose\\lib\\schemaType.js:1280:12)\n    at SchemaType.castForQuery (C:\\MehzMen Ecommerce Website\\node_modules\\mongoose\\lib\\schemaType.js:1706:17)\n    at cast (C:\\MehzMen Ecommerce Website\\node_modules\\mongoose\\lib\\cast.js:390:32)\n    at Query.cast (C:\\MehzMen Ecommerce Website\\node_modules\\mongoose\\lib\\query.js:5016:12)\n    at Query._castConditions (C:\\MehzMen Ecommerce Website\\node_modules\\mongoose\\lib\\query.js:2380:10)\n    at model.Query._findOneAndUpdate (C:\\MehzMen Ecommerce Website\\node_modules\\mongoose\\lib\\query.js:3484:8)\n    at model.Query.exec (C:\\MehzMen Ecommerce Website\\node_modules\\mongoose\\lib\\query.js:4627:80)\n    at process.processTicksAndRejections (node:internal/process/task_queues:105:5)\n    at async CategoryService.updateCategory (file:///C:/MehzMen%20Ecommerce%20Website/service/admin/categoryService.js:44:10)","stringValue":"\"\"","timestamp":"2026-01-06 03:53:29","value":"","valueType":"string"}
{"kind":"ObjectId","level":"error","message":"Edit category error Cast to ObjectId failed for value \"\" (type string) at path \"_id\" for model \"Category\"","path":"_id","reason":{},"stack":"CastError: Cast to ObjectId failed for value \"\" (type string) at path \"_id\" for model \"Category\"\n    at SchemaObjectId.cast (C:\\MehzMen Ecommerce Website\\node_modules\\mongoose\\lib\\schema\\objectId.js:253:11)\n    at SchemaType.applySetters (C:\\MehzMen Ecommerce Website\\node_modules\\mongoose\\lib\\schemaType.js:1280:12)\n    at SchemaType.castForQuery (C:\\MehzMen Ecommerce Website\\node_modules\\mongoose\\lib\\schemaType.js:1706:17)\n    at cast (C:\\MehzMen Ecommerce Website\\node_modules\\mongoose\\lib\\cast.js:390:32)\n    at Query.cast (C:\\MehzMen Ecommerce Website\\node_modules\\mongoose\\lib\\query.js:5016:12)\n    at Query._castConditions (C:\\MehzMen Ecommerce Website\\node_modules\\mongoose\\lib\\query.js:2380:10)\n    at model.Query._findOneAndUpdate (C:\\MehzMen Ecommerce Website\\node_modules\\mongoose\\lib\\query.js:3484:8)\n    at model.Query.exec (C:\\MehzMen Ecommerce Website\\node_modules\\mongoose\\lib\\query.js:4627:80)\n    at process.processTicksAndRejections (node:internal/process/task_queues:105:5)\n    at async CategoryService.updateCategory (file:///C:/MehzMen%20Ecommerce%20Website/service/admin/categoryService.js:44:10)","stringValue":"\"\"","timestamp":"2026-01-06 03:53:49","value":"","valueType":"string"}
{"kind":"ObjectId","level":"error","message":"Edit category error Cast to ObjectId failed for value \"\" (type string) at path \"_id\" for model \"Category\"","path":"_id","reason":{},"stack":"CastError: Cast to ObjectId failed for value \"\" (type string) at path \"_id\" for model \"Category\"\n    at SchemaObjectId.cast (C:\\MehzMen Ecommerce Website\\node_modules\\mongoose\\lib\\schema\\objectId.js:253:11)\n    at SchemaType.applySetters (C:\\MehzMen Ecommerce Website\\node_modules\\mongoose\\lib\\schemaType.js:1280:12)\n    at SchemaType.castForQuery (C:\\MehzMen Ecommerce Website\\node_modules\\mongoose\\lib\\schemaType.js:1706:17)\n    at cast (C:\\MehzMen Ecommerce Website\\node_modules\\mongoose\\lib\\cast.js:390:32)\n    at Query.cast (C:\\MehzMen Ecommerce Website\\node_modules\\mongoose\\lib\\query.js:5016:12)\n    at Query._castConditions (C:\\MehzMen Ecommerce Website\\node_modules\\mongoose\\lib\\query.js:2380:10)\n    at model.Query._findOneAndUpdate (C:\\MehzMen Ecommerce Website\\node_modules\\mongoose\\lib\\query.js:3484:8)\n    at model.Query.exec (C:\\MehzMen Ecommerce Website\\node_modules\\mongoose\\lib\\query.js:4627:80)\n    at process.processTicksAndRejections (node:internal/process/task_queues:105:5)\n    at async CategoryService.updateCategory (file:///C:/MehzMen%20Ecommerce%20Website/service/admin/categoryService.js:44:10)","stringValue":"\"\"","timestamp":"2026-01-06 03:56:06","value":"","valueType":"string"}
{"level":"info","message":"MongoDB connected successfully","timestamp":"2026-01-06 03:59:55"}
{"level":"info","message":"MongoDB connected successfully","timestamp":"2026-01-06 03:59:56"}
{"level":"info","message":"MongoDB connected successfully","timestamp":"2026-01-06 04:34:35"}
{"level":"info","message":"MongoDB connected successfully","timestamp":"2026-01-06 04:34:37"}
{"level":"info","message":"MongoDB connected successfully","timestamp":"2026-01-06 04:34:45"}
{"level":"info","message":"MongoDB connected successfully","timestamp":"2026-01-06 04:35:37"}
{"level":"info","message":"MongoDB connected successfully","timestamp":"2026-01-06 04:35:39"}
{"level":"info","message":"MongoDB connected successfully","timestamp":"2026-01-06 04:35:48"}
{"level":"info","message":"MongoDB connected successfully","timestamp":"2026-01-06 04:37:07"}
{"level":"info","message":"MongoDB connected successfully","timestamp":"2026-01-06 04:47:24"}
{"level":"info","message":"MongoDB connected successfully","timestamp":"2026-01-06 04:47:25"}
{"level":"info","message":"MongoDB connected successfully","timestamp":"2026-01-06 04:47:52"}
{"level":"info","message":"MongoDB connected successfully","timestamp":"2026-01-06 04:47:57"}
{"level":"info","message":"MongoDB connected successfully","timestamp":"2026-01-06 04:48:04"}
{"level":"info","message":"MongoDB connected successfully","timestamp":"2026-01-06 05:13:22"}
{"level":"info","message":"MongoDB connected successfully","timestamp":"2026-01-06 09:33:53"}
{"level":"info","message":"MongoDB connected successfully","timestamp":"2026-01-06 14:55:06"}
{"level":"info","message":"MongoDB connected successfully","timestamp":"2026-01-06 14:55:41"}
{"level":"info","message":"MongoDB connected successfully","timestamp":"2026-01-06 15:01:14"}
{"level":"info","message":"MongoDB connected successfully","timestamp":"2026-01-06 15:01:27"}
{"level":"info","message":"MongoDB connected successfully","timestamp":"2026-01-06 15:01:30"}
{"level":"info","message":"MongoDB connected successfully","timestamp":"2026-01-06 15:01:32"}
{"level":"info","message":"MongoDB connected successfully","timestamp":"2026-01-06 15:01:34"}
{"level":"info","message":"MongoDB connected successfully","timestamp":"2026-01-06 15:01:39"}
{"level":"info","message":"MongoDB connected successfully","timestamp":"2026-01-06 15:01:40"}
{"level":"info","message":"MongoDB connected successfully","timestamp":"2026-01-06 15:01:41"}
{"level":"info","message":"MongoDB connected successfully","timestamp":"2026-01-06 15:01:43"}
{"level":"info","message":"MongoDB connected successfully","timestamp":"2026-01-06 15:01:44"}
{"level":"info","message":"MongoDB connected successfully","timestamp":"2026-01-06 15:01:45"}
{"level":"info","message":"MongoDB connected successfully","timestamp":"2026-01-06 15:01:47"}
{"level":"info","message":"MongoDB connected successfully","timestamp":"2026-01-06 15:02:33"}
{"level":"info","message":"MongoDB connected successfully","timestamp":"2026-01-06 15:02:43"}
{"level":"info","message":"MongoDB connected successfully","timestamp":"2026-01-06 15:02:55"}
{"level":"info","message":"MongoDB connected successfully","timestamp":"2026-01-06 15:03:03"}
{"level":"info","message":"MongoDB connected successfully","timestamp":"2026-01-06 15:03:06"}
{"level":"info","message":"MongoDB connected successfully","timestamp":"2026-01-06 15:03:10"}
{"level":"info","message":"MongoDB connected successfully","timestamp":"2026-01-06 15:03:30"}
{"level":"info","message":"MongoDB connected successfully","timestamp":"2026-01-06 15:03:32"}
{"level":"info","message":"MongoDB connected successfully","timestamp":"2026-01-06 15:03:36"}
{"level":"info","message":"MongoDB connected successfully","timestamp":"2026-01-06 15:03:38"}
{"level":"info","message":"MongoDB connected successfully","timestamp":"2026-01-06 15:03:44"}
{"level":"info","message":"MongoDB connected successfully","timestamp":"2026-01-06 15:04:01"}
{"level":"info","message":"MongoDB connected successfully","timestamp":"2026-01-06 15:04:07"}
{"level":"info","message":"MongoDB connected successfully","timestamp":"2026-01-06 15:04:08"}
{"level":"info","message":"MongoDB connected successfully","timestamp":"2026-01-06 15:04:11"}
{"level":"info","message":"MongoDB connected successfully","timestamp":"2026-01-06 15:04:15"}
{"level":"info","message":"MongoDB connected successfully","timestamp":"2026-01-06 15:04:16"}
{"level":"info","message":"MongoDB connected successfully","timestamp":"2026-01-06 15:04:18"}
{"level":"info","message":"MongoDB connected successfully","timestamp":"2026-01-06 15:04:55"}
{"level":"info","message":"MongoDB connected successfully","timestamp":"2026-01-06 15:04:59"}
{"level":"info","message":"MongoDB connected successfully","timestamp":"2026-01-06 15:05:00"}
{"level":"info","message":"MongoDB connected successfully","timestamp":"2026-01-06 15:05:02"}
{"level":"info","message":"MongoDB connected successfully","timestamp":"2026-01-06 15:05:05"}
{"level":"info","message":"MongoDB connected successfully","timestamp":"2026-01-06 15:05:07"}
{"level":"info","message":"MongoDB connected successfully","timestamp":"2026-01-06 15:05:10"}
{"level":"info","message":"MongoDB connected successfully","timestamp":"2026-01-06 15:05:21"}
{"level":"info","message":"MongoDB connected successfully","timestamp":"2026-01-06 15:05:22"}
{"level":"info","message":"MongoDB connected successfully","timestamp":"2026-01-06 15:05:27"}
{"level":"info","message":"MongoDB connected successfully","timestamp":"2026-01-06 15:05:29"}
{"level":"info","message":"MongoDB connected successfully","timestamp":"2026-01-06 15:05:30"}
{"level":"info","message":"MongoDB connected successfully","timestamp":"2026-01-06 15:05:37"}
{"level":"info","message":"MongoDB connected successfully","timestamp":"2026-01-06 15:06:13"}
{"level":"info","message":"MongoDB connected successfully","timestamp":"2026-01-06 15:06:16"}
{"level":"info","message":"MongoDB connected successfully","timestamp":"2026-01-06 15:06:18"}
{"level":"info","message":"MongoDB connected successfully","timestamp":"2026-01-06 15:06:26"}
{"level":"info","message":"MongoDB connected successfully","timestamp":"2026-01-06 15:06:28"}
{"level":"info","message":"MongoDB connected successfully","timestamp":"2026-01-06 15:07:25"}
{"level":"info","message":"MongoDB connected successfully","timestamp":"2026-01-06 15:07:31"}
{"level":"info","message":"MongoDB connected successfully","timestamp":"2026-01-06 15:07:40"}
{"level":"info","message":"MongoDB connected successfully","timestamp":"2026-01-06 15:07:42"}
{"level":"info","message":"MongoDB connected successfully","timestamp":"2026-01-06 15:08:33"}
{"level":"info","message":"MongoDB connected successfully","timestamp":"2026-01-06 15:12:07"}
{"level":"info","message":"MongoDB connected successfully","timestamp":"2026-01-06 15:18:24"}
{"level":"info","message":"MongoDB connected successfully","timestamp":"2026-01-06 15:18:27"}
{"level":"info","message":"MongoDB connected successfully","timestamp":"2026-01-06 15:18:30"}
{"level":"info","message":"MongoDB connected successfully","timestamp":"2026-01-06 15:18:32"}
{"level":"info","message":"MongoDB connected successfully","timestamp":"2026-01-06 15:18:35"}
{"level":"info","message":"MongoDB connected successfully","timestamp":"2026-01-06 15:18:45"}
{"level":"info","message":"MongoDB connected successfully","timestamp":"2026-01-06 15:19:59"}
{"level":"info","message":"MongoDB connected successfully","timestamp":"2026-01-06 15:20:02"}
{"level":"info","message":"MongoDB connected successfully","timestamp":"2026-01-06 15:20:03"}
{"level":"info","message":"MongoDB connected successfully","timestamp":"2026-01-06 15:25:20"}
{"level":"info","message":"MongoDB connected successfully","timestamp":"2026-01-06 15:25:23"}
{"level":"info","message":"MongoDB connected successfully","timestamp":"2026-01-06 15:25:25"}
{"level":"info","message":"MongoDB connected successfully","timestamp":"2026-01-06 15:25:50"}
{"level":"info","message":"MongoDB connected successfully","timestamp":"2026-01-06 15:26:43"}
{"level":"info","message":"MongoDB connected successfully","timestamp":"2026-01-06 15:28:59"}
{"level":"info","message":"MongoDB connected successfully","timestamp":"2026-01-06 15:33:35"}
{"level":"info","message":"MongoDB connected successfully","timestamp":"2026-01-06 15:39:31"}
{"level":"info","message":"MongoDB connected successfully","timestamp":"2026-01-06 15:39:36"}
{"level":"info","message":"MongoDB connected successfully","timestamp":"2026-01-06 15:39:43"}
{"level":"info","message":"MongoDB connected successfully","timestamp":"2026-01-06 15:39:52"}
{"level":"info","message":"MongoDB connected successfully","timestamp":"2026-01-06 15:39:54"}
{"level":"info","message":"MongoDB connected successfully","timestamp":"2026-01-06 15:39:57"}
{"level":"info","message":"MongoDB connected successfully","timestamp":"2026-01-06 15:40:02"}
{"level":"info","message":"MongoDB connected successfully","timestamp":"2026-01-06 15:40:06"}
{"level":"info","message":"MongoDB connected successfully","timestamp":"2026-01-06 15:40:41"}
{"level":"info","message":"MongoDB connected successfully","timestamp":"2026-01-06 15:41:44"}
{"level":"info","message":"MongoDB connected successfully","timestamp":"2026-01-06 15:41:52"}
{"level":"info","message":"MongoDB connected successfully","timestamp":"2026-01-06 15:43:13"}
{"level":"info","message":"MongoDB connected successfully","timestamp":"2026-01-06 15:44:29"}
{"level":"info","message":"MongoDB connected successfully","timestamp":"2026-01-06 15:44:33"}
{"level":"info","message":"MongoDB connected successfully","timestamp":"2026-01-06 15:44:37"}
{"level":"info","message":"MongoDB connected successfully","timestamp":"2026-01-06 15:45:25"}
{"level":"info","message":"MongoDB connected successfully","timestamp":"2026-01-06 15:45:32"}
{"level":"info","message":"MongoDB connected successfully","timestamp":"2026-01-06 15:45:37"}
{"level":"info","message":"MongoDB connected successfully","timestamp":"2026-01-06 18:30:42"}
{"level":"info","message":"MongoDB connected successfully","timestamp":"2026-01-06 18:33:35"}
{"level":"info","message":"MongoDB connected successfully","timestamp":"2026-01-06 18:33:40"}
{"level":"info","message":"MongoDB connected successfully","timestamp":"2026-01-06 18:33:41"}
{"level":"info","message":"MongoDB connected successfully","timestamp":"2026-01-06 18:33:41"}
{"level":"info","message":"MongoDB connected successfully","timestamp":"2026-01-06 18:34:43"}
{"level":"info","message":"MongoDB connected successfully","timestamp":"2026-01-06 18:34:45"}
{"level":"info","message":"MongoDB connected successfully","timestamp":"2026-01-06 18:35:06"}
{"level":"info","message":"MongoDB connected successfully","timestamp":"2026-01-06 18:36:45"}
{"level":"info","message":"MongoDB connected successfully","timestamp":"2026-01-06 18:42:43"}
{"level":"info","message":"MongoDB connected successfully","timestamp":"2026-01-06 18:42:46"}
{"level":"info","message":"MongoDB connected successfully","timestamp":"2026-01-06 18:44:43"}
{"level":"info","message":"MongoDB connected successfully","timestamp":"2026-01-06 18:44:45"}
{"level":"info","message":"MongoDB connected successfully","timestamp":"2026-01-06 19:48:34"}
{"level":"info","message":"MongoDB connected successfully","timestamp":"2026-01-06 19:50:11"}
{"kind":"string","level":"error","message":"page not found Cast to string failed for value \"{ name: { '$regex': '.*.*', '$options': 'i' } }\" (type Object) at path \"name\" for model \"Brand\"","path":"name","reason":null,"stack":"CastError: Cast to string failed for value \"{ name: { '$regex': '.*.*', '$options': 'i' } }\" (type Object) at path \"name\" for model \"Brand\"\n    at SchemaString.cast (C:\\MehzMen Ecommerce Website\\node_modules\\mongoose\\lib\\schema\\string.js:609:11)\n    at SchemaType.applySetters (C:\\MehzMen Ecommerce Website\\node_modules\\mongoose\\lib\\schemaType.js:1280:12)\n    at SchemaString.castForQuery (C:\\MehzMen Ecommerce Website\\node_modules\\mongoose\\lib\\schema\\string.js:703:17)\n    at cast (C:\\MehzMen Ecommerce Website\\node_modules\\mongoose\\lib\\cast.js:319:34)\n    at Query.cast (C:\\MehzMen Ecommerce Website\\node_modules\\mongoose\\lib\\query.js:5016:12)\n    at Query._castConditions (C:\\MehzMen Ecommerce Website\\node_modules\\mongoose\\lib\\query.js:2380:10)\n    at model.Query._find (C:\\MehzMen Ecommerce Website\\node_modules\\mongoose\\lib\\query.js:2407:8)\n    at model.Query.exec (C:\\MehzMen Ecommerce Website\\node_modules\\mongoose\\lib\\query.js:4627:80)\n    at process.processTicksAndRejections (node:internal/process/task_queues:105:5)\n    at async BrandService.getBrands (file:///C:/MehzMen%20Ecommerce%20Website/service/admin/brandService.js:12:24)","stringValue":"\"{ name: { '$regex': '.*.*', '$options': 'i' } }\"","timestamp":"2026-01-06 19:50:35","value":{"name":{"$options":"i","$regex":".*.*"}},"valueType":"Object"}
{"level":"info","message":"MongoDB connected successfully","timestamp":"2026-01-06 19:58:28"}
{"level":"info","message":"MongoDB connected successfully","timestamp":"2026-01-06 19:58:34"}
{"level":"info","message":"MongoDB connected successfully","timestamp":"2026-01-06 19:58:35"}
{"level":"info","message":"MongoDB connected successfully","timestamp":"2026-01-06 19:58:35"}
{"level":"info","message":"MongoDB connected successfully","timestamp":"2026-01-06 20:03:53"}
{"level":"info","message":"MongoDB connected successfully","timestamp":"2026-01-06 20:03:55"}
{"level":"info","message":"MongoDB connected successfully","timestamp":"2026-01-06 20:03:57"}
{"level":"info","message":"MongoDB connected successfully","timestamp":"2026-01-06 20:06:19"}
{"level":"info","message":"MongoDB connected successfully","timestamp":"2026-01-06 20:06:47"}
{"level":"info","message":"MongoDB connected successfully","timestamp":"2026-01-06 20:11:17"}
{"level":"info","message":"MongoDB connected successfully","timestamp":"2026-01-06 20:11:45"}
{"level":"info","message":"MongoDB connected successfully","timestamp":"2026-01-06 22:22:56"}
{"level":"info","message":"MongoDB connected successfully","timestamp":"2026-01-06 22:23:07"}
{"level":"info","message":"MongoDB connected successfully","timestamp":"2026-01-06 23:03:31"}
{"level":"info","message":"MongoDB connected successfully","timestamp":"2026-01-06 23:05:18"}
{"level":"info","message":"MongoDB connected successfully","timestamp":"2026-01-06 23:05:23"}
{"level":"info","message":"MongoDB connected successfully","timestamp":"2026-01-06 23:05:35"}
{"level":"info","message":"MongoDB connected successfully","timestamp":"2026-01-07 00:18:03"}
{"level":"info","message":"MongoDB connected successfully","timestamp":"2026-01-07 00:19:38"}
{"level":"info","message":"MongoDB connected successfully","timestamp":"2026-01-07 00:22:28"}
{"level":"info","message":"MongoDB connected successfully","timestamp":"2026-01-07 00:24:10"}
{"level":"info","message":"MongoDB connected successfully","timestamp":"2026-01-07 00:24:14"}
{"level":"info","message":"MongoDB connected successfully","timestamp":"2026-01-07 00:24:51"}
{"level":"info","message":"MongoDB connected successfully","timestamp":"2026-01-07 00:25:38"}
{"level":"info","message":"MongoDB connected successfully","timestamp":"2026-01-07 00:29:06"}
{"level":"info","message":"MongoDB connected successfully","timestamp":"2026-01-07 00:29:12"}
{"level":"info","message":"MongoDB connected successfully","timestamp":"2026-01-07 00:29:13"}
{"level":"info","message":"MongoDB connected successfully","timestamp":"2026-01-07 00:29:14"}
{"level":"info","message":"MongoDB connected successfully","timestamp":"2026-01-07 00:38:06"}
{"level":"info","message":"MongoDB connected successfully","timestamp":"2026-01-07 00:38:14"}
{"level":"info","message":"MongoDB connected successfully","timestamp":"2026-01-07 00:46:35"}
{"level":"info","message":"MongoDB connected successfully","timestamp":"2026-01-07 00:47:28"}
{"level":"info","message":"MongoDB connected successfully","timestamp":"2026-01-07 00:47:58"}
{"level":"info","message":"MongoDB connected successfully","timestamp":"2026-01-07 00:48:01"}
{"level":"info","message":"MongoDB connected successfully","timestamp":"2026-01-07 00:48:13"}
{"level":"info","message":"MongoDB connected successfully","timestamp":"2026-01-07 01:20:46"}
{"level":"info","message":"MongoDB connected successfully","timestamp":"2026-01-07 01:21:31"}
{"level":"info","message":"MongoDB connected successfully","timestamp":"2026-01-07 01:24:39"}
{"level":"info","message":"MongoDB connected successfully","timestamp":"2026-01-07 01:24:56"}
{"level":"info","message":"MongoDB connected successfully","timestamp":"2026-01-07 01:25:17"}
{"level":"info","message":"MongoDB connected successfully","timestamp":"2026-01-07 01:27:35"}
{"level":"info","message":"MongoDB connected successfully","timestamp":"2026-01-07 02:02:30"}
{"level":"info","message":"MongoDB connected successfully","timestamp":"2026-01-07 02:02:46"}
{"level":"info","message":"MongoDB connected successfully","timestamp":"2026-01-07 02:06:40"}
